<?xml version="1.0" encoding="UTF-8"?>
<!-- Generated by org.testng.reporters.JUnitXMLReporter -->
<testsuite hostname="DESKTOP-LDUGJ29" ignored="0" name="Default test" tests="3" failures="0" timestamp="15 Oct 2022 23:16:30 GMT" time="42.146" errors="0">
  <testcase name="userShouldBeAbleToAddCategory" time="21.107" classname="test.TestNgFramework"/>
  <testcase name="userShouldNotBeAbleToDuplicateCategory" time="5.358" classname="test.TestNgFramework"/>
  <testcase name="dropDownShouldHaveAllMonths" time="2.459" classname="test.TestNgFramework"/>
</testsuite> <!-- Default test -->
