<?xml version="1.0" encoding="UTF-8"?>
<testng-results skipped="0" failed="0" ignored="0" total="3" passed="3">
  <reporter-output>
  </reporter-output>
  <suite name="Default suite" duration-ms="42146" started-at="2022-10-15T23:15:47Z" finished-at="2022-10-15T23:16:30Z">
    <groups>
    </groups>
    <test name="Default test" duration-ms="42146" started-at="2022-10-15T23:15:47Z" finished-at="2022-10-15T23:16:30Z">
      <class name="test.TestNgFramework">
        <test-method status="PASS" signature="runEverything()[pri:0, instance:test.TestNgFramework@667a738]" name="runEverything" is-config="true" duration-ms="3313" started-at="2022-10-15T23:15:48Z" finished-at="2022-10-15T23:15:51Z">
          <reporter-output>
          </reporter-output>
        </test-method> <!-- runEverything -->
        <test-method status="PASS" signature="userShouldBeAbleToAddCategory()[pri:1, instance:test.TestNgFramework@667a738]" name="userShouldBeAbleToAddCategory" duration-ms="21107" started-at="2022-10-15T23:15:51Z" finished-at="2022-10-15T23:16:12Z">
          <reporter-output>
          </reporter-output>
        </test-method> <!-- userShouldBeAbleToAddCategory -->
        <test-method status="PASS" signature="tearDown()[pri:0, instance:test.TestNgFramework@667a738]" name="tearDown" is-config="true" duration-ms="1165" started-at="2022-10-15T23:16:12Z" finished-at="2022-10-15T23:16:13Z">
          <reporter-output>
          </reporter-output>
        </test-method> <!-- tearDown -->
        <test-method status="PASS" signature="runEverything()[pri:0, instance:test.TestNgFramework@667a738]" name="runEverything" is-config="true" duration-ms="3386" started-at="2022-10-15T23:16:13Z" finished-at="2022-10-15T23:16:16Z">
          <reporter-output>
          </reporter-output>
        </test-method> <!-- runEverything -->
        <test-method status="PASS" signature="userShouldNotBeAbleToDuplicateCategory()[pri:2, instance:test.TestNgFramework@667a738]" name="userShouldNotBeAbleToDuplicateCategory" duration-ms="5358" started-at="2022-10-15T23:16:16Z" finished-at="2022-10-15T23:16:22Z">
          <reporter-output>
          </reporter-output>
        </test-method> <!-- userShouldNotBeAbleToDuplicateCategory -->
        <test-method status="PASS" signature="tearDown()[pri:0, instance:test.TestNgFramework@667a738]" name="tearDown" is-config="true" duration-ms="1055" started-at="2022-10-15T23:16:22Z" finished-at="2022-10-15T23:16:23Z">
          <reporter-output>
          </reporter-output>
        </test-method> <!-- tearDown -->
        <test-method status="PASS" signature="runEverything()[pri:0, instance:test.TestNgFramework@667a738]" name="runEverything" is-config="true" duration-ms="3362" started-at="2022-10-15T23:16:23Z" finished-at="2022-10-15T23:16:26Z">
          <reporter-output>
          </reporter-output>
        </test-method> <!-- runEverything -->
        <test-method status="PASS" signature="dropDownShouldHaveAllMonths()[pri:3, instance:test.TestNgFramework@667a738]" name="dropDownShouldHaveAllMonths" duration-ms="2459" started-at="2022-10-15T23:16:26Z" finished-at="2022-10-15T23:16:29Z">
          <reporter-output>
          </reporter-output>
        </test-method> <!-- dropDownShouldHaveAllMonths -->
        <test-method status="PASS" signature="tearDown()[pri:0, instance:test.TestNgFramework@667a738]" name="tearDown" is-config="true" duration-ms="882" started-at="2022-10-15T23:16:29Z" finished-at="2022-10-15T23:16:30Z">
          <reporter-output>
          </reporter-output>
        </test-method> <!-- tearDown -->
      </class> <!-- test.TestNgFramework -->
    </test> <!-- Default test -->
  </suite> <!-- Default suite -->
</testng-results>
